[2025-04-10 01:35:19,952] 62 Common_Utils - INFO - Running 'feature_encoded_df'...
[2025-04-10 01:35:19,967] 37 Common_Utils - INFO - One-Hot Encoding applied successfully on column: Gender.
[2025-04-10 01:35:19,967] 37 Common_Utils - INFO - One-Hot Encoding applied successfully on column: Marital_Status.
[2025-04-10 01:35:19,967] 77 Common_Utils - INFO - 'feature_encoded_df' completed in 0.0150 sec
[2025-04-10 01:35:19,967] 78 Common_Utils - INFO - Memory used: 202.32 KB (peak: 211.16 KB)
[2025-04-10 01:35:19,967] 62 Common_Utils - INFO - Running 'feature_encoded_df'...
[2025-04-10 01:39:14,737] 62 Common_Utils - INFO - Running 'feature_encoded_df'...
[2025-04-10 01:39:14,742] 37 Common_Utils - INFO - One-Hot Encoding applied successfully on column: Gender.
[2025-04-10 01:39:14,750] 37 Common_Utils - INFO - One-Hot Encoding applied successfully on column: Marital_Status.
[2025-04-10 01:39:14,750] 77 Common_Utils - INFO - 'feature_encoded_df' completed in 0.0122 sec
[2025-04-10 01:39:14,750] 78 Common_Utils - INFO - Memory used: 221.47 KB (peak: 308.53 KB)
[2025-04-10 01:39:14,750] 62 Common_Utils - INFO - Running 'feature_encoded_df'...
[2025-04-10 01:39:14,750] 50 Common_Utils - INFO - Ordinal Encoding applied successfully on column: Card_Category.
[2025-04-10 01:39:14,755] 50 Common_Utils - INFO - Ordinal Encoding applied successfully on column: Education_Level.
[2025-04-10 01:42:40,059] 62 Common_Utils - INFO - Running 'feature_encoded_df'...
[2025-04-10 01:42:40,066] 37 Common_Utils - INFO - One-Hot Encoding applied successfully on column: Gender.
[2025-04-10 01:42:40,073] 37 Common_Utils - INFO - One-Hot Encoding applied successfully on column: Marital_Status.
[2025-04-10 01:42:40,074] 77 Common_Utils - INFO - 'feature_encoded_df' completed in 0.0117 sec
[2025-04-10 01:42:40,074] 78 Common_Utils - INFO - Memory used: 215.90 KB (peak: 292.73 KB)
[2025-04-10 01:42:40,074] 62 Common_Utils - INFO - Running 'feature_encoded_df'...
[2025-04-10 01:42:40,075] 50 Common_Utils - INFO - Ordinal Encoding applied successfully on column: Card_Category.
[2025-04-10 01:42:40,080] 50 Common_Utils - INFO - Ordinal Encoding applied successfully on column: Education_Level.
[2025-04-10 01:42:40,080] 50 Common_Utils - INFO - Ordinal Encoding applied successfully on column: Income_Category.
[2025-04-10 01:42:40,080] 77 Common_Utils - INFO - 'feature_encoded_df' completed in 0.0055 sec
[2025-04-10 01:42:40,080] 78 Common_Utils - INFO - Memory used: 8.99 KB (peak: 15.54 KB)
