[2025-04-10 00:40:14,980] 62 Common_Utils - INFO - Running 'main'...
[2025-04-10 00:40:14,980] 14 Common_Utils - INFO -  ML workflow execution started ...
[2025-04-10 00:40:14,980] 62 Common_Utils - INFO - Running 'main'...
[2025-04-10 00:40:14,980] 14 Common_Utils - INFO - Commencing Data Ingestion..
[2025-04-10 00:40:14,983] 111 root - INFO - yaml file at path: ./config_path.yaml loaded
[2025-04-10 00:40:14,983] 62 Common_Utils - INFO - Running 'extract_zip'...
[2025-04-10 00:40:15,012] 97 root - INFO - Extracted 1 files to './Data/collected_data'
[2025-04-10 00:40:15,028] 77 Common_Utils - INFO - 'extract_zip' completed in 0.0449 sec
[2025-04-10 00:40:15,028] 78 Common_Utils - INFO - Memory used: 108.25 KB (peak: 5192.29 KB)
[2025-04-10 00:40:15,028] 195 root - INFO - Destination folder exists: Data\data_artifacts
[2025-04-10 00:40:15,028] 198 root - INFO -  File 'raw_data.csv' already exists in destination. Overwriting...
[2025-04-10 00:40:15,030] 202 root - INFO -  File copied successfully from: Data\collected_data\bank_data.csv to: Data\data_artifacts\raw_data.csv
[2025-04-10 00:40:15,033] 210 root - INFO -  File copied successfully from: Data\collected_data\bank_data.csv to: Data\data_artifacts\raw_data.csv
[2025-04-10 00:40:15,033] 28 Common_Utils - INFO - Data Ingestion succesfully complete..
[2025-04-10 00:40:15,033] 77 Common_Utils - INFO - 'main' completed in 0.0524 sec
[2025-04-10 00:40:15,033] 78 Common_Utils - INFO - Memory used: 0.00 KB (peak: 0.00 KB)
[2025-04-10 00:40:15,033] 62 Common_Utils - INFO - Running 'main'...
[2025-04-10 00:40:15,033] 20 Common_Utils - INFO - Commencing DataTransformation..
[2025-04-10 00:40:15,043] 111 root - INFO - yaml file at path: ./config_path.yaml loaded
[2025-04-10 00:40:15,043] 62 Common_Utils - INFO - Running 'read_file'...
[2025-04-10 00:40:15,043] 60 root - INFO - Reading file: ./Data/data_artifacts/raw_data.csv
[2025-04-10 00:40:15,091] 62 root - INFO - Successfully read file with shape: (10127, 21) and size: 212667
[2025-04-10 00:40:15,091] 77 Common_Utils - INFO - 'read_file' completed in 0.0484 sec
[2025-04-10 00:40:15,091] 78 Common_Utils - INFO - Memory used: 1943.91 KB (peak: 5779.88 KB)
[2025-04-10 00:40:15,091] 62 Common_Utils - INFO - Running 'detect_outliers_in_df'...
[2025-04-10 00:40:15,091] 62 Common_Utils - INFO - Starting outlier detection using method: zscore
[2025-04-10 00:40:15,123] 103 Common_Utils - INFO - Outlier columns detected via zscoreOutlierDetection: ['Customer_Age' 'Dependent_count' 'Months_on_book'
 'Total_Relationship_Count' 'Months_Inactive_12_mon'
 'Contacts_Count_12_mon' 'Credit_Limit' 'Total_Revolving_Bal'
 'Avg_Open_To_Buy' 'Total_Amt_Chng_Q4_Q1' 'Total_Trans_Amt'
 'Total_Trans_Ct' 'Total_Ct_Chng_Q4_Q1' 'Avg_Utilization_Ratio']
[2025-04-10 00:40:15,123] 77 Common_Utils - INFO - 'detect_outliers_in_df' completed in 0.0315 sec
[2025-04-10 00:40:15,123] 78 Common_Utils - INFO - Memory used: 145.44 KB (peak: 501.25 KB)
[2025-04-10 00:40:15,123] 62 Common_Utils - INFO - Running 'handling_outliers_df'...
[2025-04-10 00:40:15,123] 81 Common_Utils - INFO - Applied Yeo-Johnson Transformation to Customer_Age.
[2025-04-10 00:40:15,138] 81 Common_Utils - INFO - Applied Yeo-Johnson Transformation to Dependent_count.
[2025-04-10 00:40:15,154] 81 Common_Utils - INFO - Applied Yeo-Johnson Transformation to Months_on_book.
[2025-04-10 00:40:15,154] 81 Common_Utils - INFO - Applied Yeo-Johnson Transformation to Total_Relationship_Count.
[2025-04-10 00:40:15,170] 81 Common_Utils - INFO - Applied Yeo-Johnson Transformation to Months_Inactive_12_mon.
[2025-04-10 00:40:15,170] 81 Common_Utils - INFO - Applied Yeo-Johnson Transformation to Contacts_Count_12_mon.
[2025-04-10 00:40:15,186] 81 Common_Utils - INFO - Applied Yeo-Johnson Transformation to Credit_Limit.
[2025-04-10 00:40:15,202] 81 Common_Utils - INFO - Applied Yeo-Johnson Transformation to Total_Revolving_Bal.
[2025-04-10 00:40:15,202] 81 Common_Utils - INFO - Applied Yeo-Johnson Transformation to Avg_Open_To_Buy.
[2025-04-10 00:40:15,218] 81 Common_Utils - INFO - Applied Yeo-Johnson Transformation to Total_Amt_Chng_Q4_Q1.
[2025-04-10 00:40:15,218] 81 Common_Utils - INFO - Applied Yeo-Johnson Transformation to Total_Trans_Amt.
[2025-04-10 00:40:15,233] 81 Common_Utils - INFO - Applied Yeo-Johnson Transformation to Total_Trans_Ct.
[2025-04-10 00:40:15,249] 81 Common_Utils - INFO - Applied Yeo-Johnson Transformation to Total_Ct_Chng_Q4_Q1.
[2025-04-10 00:40:15,249] 81 Common_Utils - INFO - Applied Yeo-Johnson Transformation to Avg_Utilization_Ratio.
[2025-04-10 00:40:15,249] 77 Common_Utils - INFO - 'handling_outliers_df' completed in 0.1268 sec
[2025-04-10 00:40:15,249] 78 Common_Utils - INFO - Memory used: 1175.78 KB (peak: 1656.43 KB)
[2025-04-10 00:40:15,249] 62 Common_Utils - INFO - Running 'feature_encoded_df'...
[2025-04-10 00:40:15,271] 37 Common_Utils - INFO - One-Hot Encoding applied successfully on column: Gender.
[2025-04-10 00:40:15,279] 37 Common_Utils - INFO - One-Hot Encoding applied successfully on column: Marital_Status.
[2025-04-10 00:40:15,279] 77 Common_Utils - INFO - 'feature_encoded_df' completed in 0.0301 sec
[2025-04-10 00:40:15,279] 78 Common_Utils - INFO - Memory used: 1824.87 KB (peak: 7298.97 KB)
[2025-04-10 00:40:15,279] 62 Common_Utils - INFO - Running 'feature_encoded_df'...
[2025-04-10 00:40:15,283] 50 Common_Utils - INFO - Ordinal Encoding applied successfully on column: Card_Category.
[2025-04-10 00:40:15,287] 50 Common_Utils - INFO - Ordinal Encoding applied successfully on column: Education_Level.
[2025-04-10 00:40:15,289] 50 Common_Utils - INFO - Ordinal Encoding applied successfully on column: Income_Category.
[2025-04-10 00:40:15,289] 77 Common_Utils - INFO - 'feature_encoded_df' completed in 0.0098 sec
[2025-04-10 00:40:15,289] 78 Common_Utils - INFO - Memory used: 247.93 KB (peak: 512.84 KB)
[2025-04-10 00:40:15,289] 141 Common_Utils - INFO - Splitting dataset into training and testing sets...
[2025-04-10 00:40:15,299] 151 Common_Utils - INFO - Train set size: 7088 samples
[2025-04-10 00:40:15,299] 152 Common_Utils - INFO - Test set size: 3039 samples
[2025-04-10 00:40:15,299] 62 Common_Utils - INFO - Running 'oversampled_balanced_df'...
[2025-04-10 00:40:15,299] 31 Common_Utils - INFO - Applying SMOTE Oversampling...
[2025-04-10 00:40:15,484] 38 Common_Utils - INFO - SMOTE applied successfully.
[2025-04-10 00:40:15,484] 77 Common_Utils - INFO - 'oversampled_balanced_df' completed in 0.1848 sec
[2025-04-10 00:40:15,484] 78 Common_Utils - INFO - Memory used: 4420.20 KB (peak: 8528.81 KB)
[2025-04-10 00:40:15,484] 62 Common_Utils - INFO - Running 'feature_scaled_df'...
[2025-04-10 00:40:15,500] 38 Common_Utils - INFO - Standardization applied successfully.
[2025-04-10 00:40:15,500] 77 Common_Utils - INFO - 'feature_scaled_df' completed in 0.0158 sec
[2025-04-10 00:40:15,500] 78 Common_Utils - INFO - Memory used: 5041.12 KB (peak: 5069.82 KB)
[2025-04-10 00:40:15,807] 58 Common_Utils - INFO - Data Transformation succesfully complete..
[2025-04-10 00:40:15,809] 77 Common_Utils - INFO - 'main' completed in 0.7762 sec
[2025-04-10 00:40:15,809] 78 Common_Utils - INFO - Memory used: 0.00 KB (peak: 0.00 KB)
[2025-04-10 00:40:15,809] 62 Common_Utils - INFO - Running 'main'...
[2025-04-10 00:40:15,809] 19 Common_Utils - INFO - Commencing Model_Training_Evaluation..
[2025-04-10 00:40:15,818] 111 root - INFO - yaml file at path: ./config_path.yaml loaded
[2025-04-10 00:40:15,912] 62 Common_Utils - INFO - Running 'tuned_model_parameters'...
[2025-04-10 00:40:15,941] 72 Common_Utils - INFO - Tuning model: LogisticRegression
[2025-04-10 00:40:15,941] 75 Common_Utils - INFO - LogisticRegression is a classification model.
[2025-04-10 00:40:15,941] 18 Common_Utils - INFO - Starting GridSearchCV for hyper_param tuning..
[2025-04-10 00:40:19,944] 72 Common_Utils - INFO - Tuning model: DecisionTreeClassifier
[2025-04-10 00:40:19,944] 75 Common_Utils - INFO - DecisionTreeClassifier is a classification model.
[2025-04-10 00:40:19,944] 18 Common_Utils - INFO - Starting GridSearchCV for hyper_param tuning..
[2025-04-10 00:40:43,928] 103 Common_Utils - INFO - the best hyperparameters for supervised models provided by grid_search_cv is: {'LogisticRegression': {'C': 0.1, 'penalty': 'l2', 'solver': 'liblinear'}, 'DecisionTreeClassifier': {'criterion': 'entropy', 'max_depth': 20, 'min_samples_leaf': 1, 'min_samples_split': 5}}
[2025-04-10 00:40:43,928] 77 Common_Utils - INFO - 'tuned_model_parameters' completed in 28.0158 sec
[2025-04-10 00:40:43,928] 78 Common_Utils - INFO - Memory used: 2994.22 KB (peak: 7596.73 KB)
[2025-04-10 00:40:43,928] 62 Common_Utils - INFO - Running 'evaluate'...
[2025-04-10 00:40:43,928] 75 Common_Utils - INFO - Training LogisticRegression...
[2025-04-10 00:40:44,017] 75 Common_Utils - INFO - Training DecisionTreeClassifier...
[2025-04-10 00:40:44,178] 132 Common_Utils - INFO - 
Best Model: DecisionTreeClassifier with Accuracy: 0.9276077657124054
[2025-04-10 00:40:44,178] 77 Common_Utils - INFO - 'evaluate' completed in 0.2507 sec
[2025-04-10 00:40:44,178] 78 Common_Utils - INFO - Memory used: 62.55 KB (peak: 2434.34 KB)
[2025-04-10 00:40:44,178] 62 Common_Utils - INFO - Running 'tuned_models_yaml'...
[2025-04-10 00:40:44,198] 185 Common_Utils - INFO - tuned_classifiers updated in yaml at: ./Yaml_Repo/tuned_params_metrics.yaml
[2025-04-10 00:40:44,204] 185 Common_Utils - INFO - tuned_classifiers updated in yaml at: ./Yaml_Repo/tuned_params_metrics.yaml
[2025-04-10 00:40:44,204] 77 Common_Utils - INFO - 'tuned_models_yaml' completed in 0.0261 sec
[2025-04-10 00:40:44,204] 78 Common_Utils - INFO - Memory used: 54.57 KB (peak: 93.37 KB)
[2025-04-10 00:40:44,204] 63 Common_Utils - INFO - Model_Training_Evaluation succesfully complete..
[2025-04-10 00:40:44,207] 77 Common_Utils - INFO - 'main' completed in 28.3978 sec
[2025-04-10 00:40:44,207] 78 Common_Utils - INFO - Memory used: 0.00 KB (peak: 0.00 KB)
[2025-04-10 00:40:44,207] 62 Common_Utils - INFO - Running 'main'...
[2025-04-10 00:40:44,207] 21 Common_Utils - INFO - Commencing Model_Implementation..
[2025-04-10 00:40:44,216] 111 root - INFO - yaml file at path: ./config_path.yaml loaded
[2025-04-10 00:40:44,275] 111 root - INFO - yaml file at path: ./Yaml_Repo/tuned_params_metrics.yaml loaded
[2025-04-10 00:40:44,415] 69 Common_Utils - INFO - Final model successfully saved at : Final_Model\2025-04-10_00-40-44\model.joblib
[2025-04-10 00:40:44,415] 77 Common_Utils - INFO - 'main' completed in 0.2083 sec
[2025-04-10 00:40:44,415] 78 Common_Utils - INFO - Memory used: 45.62 KB (peak: 3952.35 KB)
[2025-04-10 00:40:44,415] 62 Common_Utils - INFO - Running 'main'...
[2025-04-10 00:40:45,583] 29 Common_Utils - INFO - Commencing Model Tracking and Registry in MLflow..
[2025-04-10 00:40:45,593] 111 root - INFO - yaml file at path: ./config_path.yaml loaded
[2025-04-10 00:40:45,594] 111 root - INFO - yaml file at path: ./constants.yaml loaded
[2025-04-10 00:40:45,594] 40 Common_Utils - INFO - model path is : ./Final_Model/2025-04-10_00-40-44/model.joblib
[2025-04-10 00:40:45,630] 48 Common_Utils - INFO - joblib model loaded successfully .. with class name :DecisionTreeClassifier
[2025-04-10 00:40:45,893] 51 Common_Utils - INFO - prediction begins 
[2025-04-10 00:40:45,893] 53 Common_Utils - INFO -  model prediction done
[2025-04-10 00:40:45,921] 111 root - INFO - yaml file at path: ./constants.yaml loaded
[2025-04-10 00:40:45,921] 69 Common_Utils - INFO - model_metrics successfully appended in: ./constants.yaml
[2025-04-10 00:40:45,936] 73 Common_Utils - INFO - Successfully logged classification metrics..
[2025-04-10 00:40:46,491] 93 Common_Utils - INFO - Successfully logged confusion matrix artifact..
[2025-04-10 00:40:46,498] 111 root - INFO - yaml file at path: ./constants.yaml loaded
[2025-04-10 00:40:46,504] 102 Common_Utils - INFO - model_params successfully appended in: ./constants.yaml
[2025-04-10 00:40:46,568] 106 Common_Utils - INFO - Successfully logged DecisionTreeClassifier model params ..
[2025-04-10 00:40:46,584] 67 Common_Utils - INFO - Successfully logged model path ..
[2025-04-10 00:40:46,603] 71 Common_Utils - INFO - Successfully logged source code file..
[2025-04-10 00:40:46,788] 111 root - INFO - yaml file at path: ./constants.yaml loaded
[2025-04-10 00:40:46,790] 77 Common_Utils - INFO - model run_id succesfully appended in: ./constants.yaml
[2025-04-10 00:40:53,469] 80 Common_Utils - INFO - Successfully logged final model DecisionTreeClassifier..
[2025-04-10 00:40:53,485] 111 root - INFO - yaml file at path: ./constants.yaml loaded
[2025-04-10 00:40:53,485] 83 Common_Utils - INFO - model name succesfully appended in: ./constants.yaml
[2025-04-10 00:40:53,591] 111 root - INFO - yaml file at path: ./constants.yaml loaded
[2025-04-10 00:40:53,591] 34 Common_Utils - INFO - model version  succesfully appended in: ./constants.yaml
[2025-04-10 00:40:53,611] 111 root - INFO - yaml file at path: ./constants.yaml loaded
[2025-04-10 00:40:53,612] 40 Common_Utils - INFO - model Current stage succesfully appended in: ./constants.yaml
[2025-04-10 00:40:53,657] 111 root - INFO - yaml file at path: ./constants.yaml loaded
[2025-04-10 00:40:53,673] 50 Common_Utils - INFO - model run_id succesfully appended in: ./constants.yaml
[2025-04-10 00:40:53,673] 52 Common_Utils - INFO - Model DecisionTreeClassifier version 1 transitioned to Staging stage.
[2025-04-10 00:40:53,772] 77 Common_Utils - INFO - 'main' completed in 9.3576 sec
[2025-04-10 00:40:53,772] 78 Common_Utils - INFO - Memory used: 76345.49 KB (peak: 89696.47 KB)
[2025-04-10 00:40:53,772] 22 Common_Utils - INFO - ML Workflow successfully completed..
[2025-04-10 00:40:53,772] 77 Common_Utils - INFO - 'main' completed in 38.7922 sec
[2025-04-10 00:40:53,772] 78 Common_Utils - INFO - Memory used: 0.00 KB (peak: 0.00 KB)
